#
# There is insufficient memory for the Java Runtime Environment to continue.
# Native memory allocation (malloc) failed to allocate 32744 bytes for Chunk::new
# Possible reasons:
#   The system is out of physical RAM or swap space
#   The process is running with CompressedOops enabled, and the Java Heap may be blocking the growth of the native heap
# Possible solutions:
#   Reduce memory load on the system
#   Increase physical memory or swap space
#   Check if swap backing store is full
#   Decrease Java heap size (-Xmx/-Xms)
#   Decrease number of Java threads
#   Decrease Java thread stack sizes (-Xss)
#   Set larger code cache with -XX:ReservedCodeCacheSize=
#   JVM is running with Unscaled Compressed Oops mode in which the Java heap is
#     placed in the first 4GB address space. The Java Heap base address is the
#     maximum limit for the native heap growth. Please use -XX:HeapBaseMinAddress
#     to set the Java Heap base and to place the Java Heap above 4GB virtual address.
# This output file may be truncated or incomplete.
#
#  Out of Memory Error (arena.cpp:168), pid=10800, tid=4060
#
# JRE version: Java(TM) SE Runtime Environment (21.0.8+12) (build 21.0.8+12-LTS-250)
# Java VM: Java HotSpot(TM) 64-Bit Server VM (21.0.8+12-LTS-250, mixed mode, sharing, tiered, compressed oops, compressed class ptrs, g1 gc, windows-amd64)
# No core dump will be written. Minidumps are not enabled by default on client versions of Windows
#

---------------  S U M M A R Y ------------

Command Line: -agentlib:jdwp=transport=dt_socket,server=n,suspend=y,address=localhost:50752 -XX:+ShowCodeDetailsInExceptionMessages com.hisami.hisami.HisamiApplication

Host: Intel(R) Core(TM) i7-10510U CPU @ 1.80GHz, 8 cores, 7G,  Windows 11 , 64 bit Build 26100 (10.0.26100.7309)
Time: Wed Dec 31 22:35:34 2025 Hora oficial do Brasil elapsed time: 4.393581 seconds (0d 0h 0m 4s)

---------------  T H R E A D  ---------------

Current thread (0x00000256ffd01a90):  JavaThread "C2 CompilerThread1" daemon [_thread_in_native, id=4060, stack(0x0000006505e00000,0x0000006505f00000) (1024K)]


Current CompileTask:
C2:   4393 2765   !   4       jdk.internal.loader.BuiltinClassLoader::loadClassOrNull (143 bytes)

Stack: [0x0000006505e00000,0x0000006505f00000]
Native frames: (J=compiled Java code, j=interpreted, Vv=VM code, C=native code)
V  [jvm.dll+0x6cc179]
V  [jvm.dll+0x8584c1]
V  [jvm.dll+0x85a9ee]
V  [jvm.dll+0x85b0c3]
V  [jvm.dll+0x27ebf6]
V  [jvm.dll+0xc4f4d]
V  [jvm.dll+0xc5483]
V  [jvm.dll+0x3bb6fc]
V  [jvm.dll+0x3b531c]
V  [jvm.dll+0x1e058e]
V  [jvm.dll+0x2477c2]
V  [jvm.dll+0x246c4f]
V  [jvm.dll+0x1c7a3e]
V  [jvm.dll+0x256359]
V  [jvm.dll+0x2548ea]
V  [jvm.dll+0x3efef6]
V  [jvm.dll+0x80279b]
V  [jvm.dll+0x6ca85d]
C  [ucrtbase.dll+0x37b0]
C  [KERNEL32.DLL+0x2e8d7]
C  [ntdll.dll+0x8c53c]


---------------  P R O C E S S  ---------------

Threads class SMR info:
_java_thread_list=0x00000256d26dea70, length=16, elements={
0x00000256eaf92f30, 0x00000256faba0e10, 0x00000256faba5aa0, 0x00000256fabab5c0,
0x00000256fabac010, 0x00000256fabad780, 0x00000256fabae1d0, 0x00000256fabaef50,
0x00000256fabb9a00, 0x00000256ff188010, 0x00000256ff188cc0, 0x00000256ff18d470,
0x00000256ff18fb00, 0x00000256ff19b310, 0x00000256ffd01a90, 0x00000256d098c500
}

Java Threads: ( => current thread )
  0x00000256eaf92f30 JavaThread "main"                              [_thread_in_native, id=22472, stack(0x0000006504200000,0x0000006504300000) (1024K)]
  0x00000256faba0e10 JavaThread "Reference Handler"          daemon [_thread_blocked, id=25200, stack(0x0000006504a00000,0x0000006504b00000) (1024K)]
  0x00000256faba5aa0 JavaThread "Finalizer"                  daemon [_thread_blocked, id=22360, stack(0x0000006504b00000,0x0000006504c00000) (1024K)]
  0x00000256fabab5c0 JavaThread "Signal Dispatcher"          daemon [_thread_blocked, id=10568, stack(0x0000006504c00000,0x0000006504d00000) (1024K)]
  0x00000256fabac010 JavaThread "Attach Listener"            daemon [_thread_blocked, id=17300, stack(0x0000006504d00000,0x0000006504e00000) (1024K)]
  0x00000256fabad780 JavaThread "Service Thread"             daemon [_thread_blocked, id=26456, stack(0x0000006504e00000,0x0000006504f00000) (1024K)]
  0x00000256fabae1d0 JavaThread "Monitor Deflation Thread"   daemon [_thread_blocked, id=24468, stack(0x0000006504f00000,0x0000006505000000) (1024K)]
  0x00000256fabaef50 JavaThread "C2 CompilerThread0"         daemon [_thread_in_native, id=25352, stack(0x0000006505000000,0x0000006505100000) (1024K)]
  0x00000256fabb9a00 JavaThread "C1 CompilerThread0"         daemon [_thread_blocked, id=23200, stack(0x0000006505100000,0x0000006505200000) (1024K)]
  0x00000256ff188010 JavaThread "JDWP Transport Listener: dt_socket" daemon [_thread_blocked, id=25920, stack(0x0000006505200000,0x0000006505300000) (1024K)]
  0x00000256ff188cc0 JavaThread "JDWP Event Helper Thread"   daemon [_thread_blocked, id=2060, stack(0x0000006505300000,0x0000006505400000) (1024K)]
  0x00000256ff18d470 JavaThread "JDWP Command Reader"        daemon [_thread_in_native, id=19804, stack(0x0000006505400000,0x0000006505500000) (1024K)]
  0x00000256ff18fb00 JavaThread "Notification Thread"        daemon [_thread_blocked, id=20728, stack(0x0000006505500000,0x0000006505600000) (1024K)]
  0x00000256ff19b310 JavaThread "Common-Cleaner"             daemon [_thread_blocked, id=23840, stack(0x0000006505600000,0x0000006505700000) (1024K)]
=>0x00000256ffd01a90 JavaThread "C2 CompilerThread1"         daemon [_thread_in_native, id=4060, stack(0x0000006505e00000,0x0000006505f00000) (1024K)]
  0x00000256d098c500 JavaThread "C2 CompilerThread2"         daemon [_thread_in_native, id=23560, stack(0x0000006506000000,0x0000006506100000) (1024K)]
Total: 16

Other Threads:
  0x00000256fab82d10 VMThread "VM Thread"                           [id=15524, stack(0x0000006504900000,0x0000006504a00000) (1024K)]
  0x00000256fab6ca50 WatcherThread "VM Periodic Task Thread"        [id=22408, stack(0x0000006504800000,0x0000006504900000) (1024K)]
  0x00000256eb2fdb30 WorkerThread "GC Thread#0"                     [id=19520, stack(0x0000006504300000,0x0000006504400000) (1024K)]
  0x00000256ffae06f0 WorkerThread "GC Thread#1"                     [id=22604, stack(0x0000006505700000,0x0000006505800000) (1024K)]
  0x00000256ffae0a90 WorkerThread "GC Thread#2"                     [id=12556, stack(0x0000006505800000,0x0000006505900000) (1024K)]
  0x00000256ffae1210 WorkerThread "GC Thread#3"                     [id=26828, stack(0x0000006505900000,0x0000006505a00000) (1024K)]
  0x00000256d01cbc20 WorkerThread "GC Thread#4"                     [id=24184, stack(0x0000006505a00000,0x0000006505b00000) (1024K)]
  0x00000256ffb32040 WorkerThread "GC Thread#5"                     [id=26160, stack(0x0000006505b00000,0x0000006505c00000) (1024K)]
  0x00000256ffb323e0 WorkerThread "GC Thread#6"                     [id=2912, stack(0x0000006505c00000,0x0000006505d00000) (1024K)]
  0x00000256ffb32780 WorkerThread "GC Thread#7"                     [id=3640, stack(0x0000006505d00000,0x0000006505e00000) (1024K)]
  0x00000256eb30fca0 ConcurrentGCThread "G1 Main Marker"            [id=16300, stack(0x0000006504400000,0x0000006504500000) (1024K)]
  0x00000256eb310f40 WorkerThread "G1 Conc#0"                       [id=8928, stack(0x0000006504500000,0x0000006504600000) (1024K)]
  0x00000256eb34ea30 ConcurrentGCThread "G1 Refine#0"               [id=22068, stack(0x0000006504600000,0x0000006504700000) (1024K)]
  0x00000256eaf85810 ConcurrentGCThread "G1 Service"                [id=23324, stack(0x0000006504700000,0x0000006504800000) (1024K)]
Total: 14

Threads with active compile tasks:
C2 CompilerThread0     4441 3154       4       jdk.internal.jimage.ImageLocation::verify (218 bytes)
C2 CompilerThread1     4441 2765   !   4       jdk.internal.loader.BuiltinClassLoader::loadClassOrNull (143 bytes)
C2 CompilerThread2     4441 3131   !   4       jdk.internal.loader.BuiltinClassLoader$2::run (114 bytes)
Total: 3

VM state: not at safepoint (normal execution)

VM Mutex/Monitor currently owned by a thread: None

Heap address: 0x0000000082800000, size: 2008 MB, Compressed Oops mode: 32-bit

CDS archive(s) mapped at: [0x000002568f000000-0x000002568fc90000-0x000002568fc90000), size 13172736, SharedBaseAddress: 0x000002568f000000, ArchiveRelocationMode: 1.
Compressed class space mapped at: 0x0000025690000000-0x00000256d0000000, reserved size: 1073741824
Narrow klass base: 0x000002568f000000, Narrow klass shift: 0, Narrow klass range: 0x100000000

GC Precious Log:
 CardTable entry size: 512
 Card Set container configuration: InlinePtr #cards 5 size 8 Array Of Cards #cards 12 size 40 Howl #buckets 4 coarsen threshold 1843 Howl Bitmap #cards 512 size 80 coarsen threshold 460 Card regions per heap region 1 cards per card region 2048
 CPUs: 8 total, 8 available
 Memory: 8025M
 Large Page Support: Disabled
 NUMA Support: Disabled
 Compressed Oops: Enabled (32-bit)
 Heap Region Size: 1M
 Heap Min Capacity: 8M
 Heap Initial Capacity: 126M
 Heap Max Capacity: 2008M
 Pre-touch: Disabled
 Parallel Workers: 8
 Concurrent Workers: 2
 Concurrent Refinement Workers: 8
 Periodic GC: Disabled

Heap:
 garbage-first heap   total 129024K, used 58303K [0x0000000082800000, 0x0000000100000000)
  region size 1024K, 51 young (52224K), 3 survivors (3072K)
 Metaspace       used 20467K, committed 20800K, reserved 1114112K
  class space    used 2468K, committed 2624K, reserved 1048576K

Heap Regions: E=young(eden), S=young(survivor), O=old, HS=humongous(starts), HC=humongous(continues), CS=collection set, F=free, TAMS=top-at-mark-start, PB=parsable bottom
|   0|0x0000000082800000, 0x0000000082900000, 0x0000000082900000|100%|HS|  |TAMS 0x0000000082800000| PB 0x0000000082800000| Complete 
|   1|0x0000000082900000, 0x0000000082a00000, 0x0000000082a00000|100%|HS|  |TAMS 0x0000000082900000| PB 0x0000000082900000| Complete 
|   2|0x0000000082a00000, 0x0000000082b00000, 0x0000000082b00000|100%| O|  |TAMS 0x0000000082a00000| PB 0x0000000082a00000| Untracked 
|   3|0x0000000082b00000, 0x0000000082c00000, 0x0000000082c00000|100%| O|  |TAMS 0x0000000082b00000| PB 0x0000000082b00000| Untracked 
|   4|0x0000000082c00000, 0x0000000082d00000, 0x0000000082d00000|100%| O|  |TAMS 0x0000000082c00000| PB 0x0000000082c00000| Untracked 
|   5|0x0000000082d00000, 0x0000000082e00000, 0x0000000082e00000|100%| O|  |TAMS 0x0000000082d00000| PB 0x0000000082d00000| Untracked 
|   6|0x0000000082e00000, 0x0000000082f00000, 0x0000000082f00000|100%| O|  |TAMS 0x0000000082e00000| PB 0x0000000082e00000| Untracked 
|   7|0x0000000082f00000, 0x0000000083000000, 0x0000000083000000|100%| O|  |TAMS 0x0000000082f00000| PB 0x0000000082f00000| Untracked 
|   8|0x0000000083000000, 0x000000008302de38, 0x0000000083100000| 17%| O|  |TAMS 0x0000000083000000| PB 0x0000000083000000| Untracked 
|   9|0x0000000083100000, 0x0000000083100000, 0x0000000083200000|  0%| F|  |TAMS 0x0000000083100000| PB 0x0000000083100000| Untracked 
|  10|0x0000000083200000, 0x0000000083200000, 0x0000000083300000|  0%| F|  |TAMS 0x0000000083200000| PB 0x0000000083200000| Untracked 
|  11|0x0000000083300000, 0x0000000083300000, 0x0000000083400000|  0%| F|  |TAMS 0x0000000083300000| PB 0x0000000083300000| Untracked 
|  12|0x0000000083400000, 0x0000000083400000, 0x0000000083500000|  0%| F|  |TAMS 0x0000000083400000| PB 0x0000000083400000| Untracked 
|  13|0x0000000083500000, 0x0000000083500000, 0x0000000083600000|  0%| F|  |TAMS 0x0000000083500000| PB 0x0000000083500000| Untracked 
|  14|0x0000000083600000, 0x0000000083600000, 0x0000000083700000|  0%| F|  |TAMS 0x0000000083600000| PB 0x0000000083600000| Untracked 
|  15|0x0000000083700000, 0x0000000083700000, 0x0000000083800000|  0%| F|  |TAMS 0x0000000083700000| PB 0x0000000083700000| Untracked 
|  16|0x0000000083800000, 0x0000000083800000, 0x0000000083900000|  0%| F|  |TAMS 0x0000000083800000| PB 0x0000000083800000| Untracked 
|  17|0x0000000083900000, 0x0000000083900000, 0x0000000083a00000|  0%| F|  |TAMS 0x0000000083900000| PB 0x0000000083900000| Untracked 
|  18|0x0000000083a00000, 0x0000000083a00000, 0x0000000083b00000|  0%| F|  |TAMS 0x0000000083a00000| PB 0x0000000083a00000| Untracked 
|  19|0x0000000083b00000, 0x0000000083b00000, 0x0000000083c00000|  0%| F|  |TAMS 0x0000000083b00000| PB 0x0000000083b00000| Untracked 
|  20|0x0000000083c00000, 0x0000000083c00000, 0x0000000083d00000|  0%| F|  |TAMS 0x0000000083c00000| PB 0x0000000083c00000| Untracked 
|  21|0x0000000083d00000, 0x0000000083d00000, 0x0000000083e00000|  0%| F|  |TAMS 0x0000000083d00000| PB 0x0000000083d00000| Untracked 
|  22|0x0000000083e00000, 0x0000000083e00000, 0x0000000083f00000|  0%| F|  |TAMS 0x0000000083e00000| PB 0x0000000083e00000| Untracked 
|  23|0x0000000083f00000, 0x0000000083f00000, 0x0000000084000000|  0%| F|  |TAMS 0x0000000083f00000| PB 0x0000000083f00000| Untracked 
|  24|0x0000000084000000, 0x0000000084000000, 0x0000000084100000|  0%| F|  |TAMS 0x0000000084000000| PB 0x0000000084000000| Untracked 
|  25|0x0000000084100000, 0x0000000084100000, 0x0000000084200000|  0%| F|  |TAMS 0x0000000084100000| PB 0x0000000084100000| Untracked 
|  26|0x0000000084200000, 0x0000000084200000, 0x0000000084300000|  0%| F|  |TAMS 0x0000000084200000| PB 0x0000000084200000| Untracked 
|  27|0x0000000084300000, 0x0000000084300000, 0x0000000084400000|  0%| F|  |TAMS 0x0000000084300000| PB 0x0000000084300000| Untracked 
|  28|0x0000000084400000, 0x0000000084400000, 0x0000000084500000|  0%| F|  |TAMS 0x0000000084400000| PB 0x0000000084400000| Untracked 
|  29|0x0000000084500000, 0x0000000084500000, 0x0000000084600000|  0%| F|  |TAMS 0x0000000084500000| PB 0x0000000084500000| Untracked 
|  30|0x0000000084600000, 0x0000000084600000, 0x0000000084700000|  0%| F|  |TAMS 0x0000000084600000| PB 0x0000000084600000| Untracked 
|  31|0x0000000084700000, 0x0000000084700000, 0x0000000084800000|  0%| F|  |TAMS 0x0000000084700000| PB 0x0000000084700000| Untracked 
|  32|0x0000000084800000, 0x0000000084800000, 0x0000000084900000|  0%| F|  |TAMS 0x0000000084800000| PB 0x0000000084800000| Untracked 
|  33|0x0000000084900000, 0x0000000084900000, 0x0000000084a00000|  0%| F|  |TAMS 0x0000000084900000| PB 0x0000000084900000| Untracked 
|  34|0x0000000084a00000, 0x0000000084a00000, 0x0000000084b00000|  0%| F|  |TAMS 0x0000000084a00000| PB 0x0000000084a00000| Untracked 
|  35|0x0000000084b00000, 0x0000000084b00000, 0x0000000084c00000|  0%| F|  |TAMS 0x0000000084b00000| PB 0x0000000084b00000| Untracked 
|  36|0x0000000084c00000, 0x0000000084c00000, 0x0000000084d00000|  0%| F|  |TAMS 0x0000000084c00000| PB 0x0000000084c00000| Untracked 
|  37|0x0000000084d00000, 0x0000000084d00000, 0x0000000084e00000|  0%| F|  |TAMS 0x0000000084d00000| PB 0x0000000084d00000| Untracked 
|  38|0x0000000084e00000, 0x0000000084e00000, 0x0000000084f00000|  0%| F|  |TAMS 0x0000000084e00000| PB 0x0000000084e00000| Untracked 
|  39|0x0000000084f00000, 0x0000000084f00000, 0x0000000085000000|  0%| F|  |TAMS 0x0000000084f00000| PB 0x0000000084f00000| Untracked 
|  40|0x0000000085000000, 0x0000000085000000, 0x0000000085100000|  0%| F|  |TAMS 0x0000000085000000| PB 0x0000000085000000| Untracked 
|  41|0x0000000085100000, 0x0000000085100000, 0x0000000085200000|  0%| F|  |TAMS 0x0000000085100000| PB 0x0000000085100000| Untracked 
|  42|0x0000000085200000, 0x0000000085200000, 0x0000000085300000|  0%| F|  |TAMS 0x0000000085200000| PB 0x0000000085200000| Untracked 
|  43|0x0000000085300000, 0x0000000085300000, 0x0000000085400000|  0%| F|  |TAMS 0x0000000085300000| PB 0x0000000085300000| Untracked 
|  44|0x0000000085400000, 0x0000000085400000, 0x0000000085500000|  0%| F|  |TAMS 0x0000000085400000| PB 0x0000000085400000| Untracked 
|  45|0x0000000085500000, 0x0000000085500000, 0x0000000085600000|  0%| F|  |TAMS 0x0000000085500000| PB 0x0000000085500000| Untracked 
|  46|0x0000000085600000, 0x0000000085600000, 0x0000000085700000|  0%| F|  |TAMS 0x0000000085600000| PB 0x0000000085600000| Untracked 
|  47|0x0000000085700000, 0x0000000085700000, 0x0000000085800000|  0%| F|  |TAMS 0x0000000085700000| PB 0x0000000085700000| Untracked 
|  48|0x0000000085800000, 0x0000000085800000, 0x0000000085900000|  0%| F|  |TAMS 0x0000000085800000| PB 0x0000000085800000| Untracked 
|  49|0x0000000085900000, 0x0000000085900000, 0x0000000085a00000|  0%| F|  |TAMS 0x0000000085900000| PB 0x0000000085900000| Untracked 
|  50|0x0000000085a00000, 0x0000000085a00000, 0x0000000085b00000|  0%| F|  |TAMS 0x0000000085a00000| PB 0x0000000085a00000| Untracked 
|  51|0x0000000085b00000, 0x0000000085b00000, 0x0000000085c00000|  0%| F|  |TAMS 0x0000000085b00000| PB 0x0000000085b00000| Untracked 
|  52|0x0000000085c00000, 0x0000000085c00000, 0x0000000085d00000|  0%| F|  |TAMS 0x0000000085c00000| PB 0x0000000085c00000| Untracked 
|  53|0x0000000085d00000, 0x0000000085d00000, 0x0000000085e00000|  0%| F|  |TAMS 0x0000000085d00000| PB 0x0000000085d00000| Untracked 
|  54|0x0000000085e00000, 0x0000000085e00000, 0x0000000085f00000|  0%| F|  |TAMS 0x0000000085e00000| PB 0x0000000085e00000| Untracked 
|  55|0x0000000085f00000, 0x0000000085f00000, 0x0000000086000000|  0%| F|  |TAMS 0x0000000085f00000| PB 0x0000000085f00000| Untracked 
|  56|0x0000000086000000, 0x0000000086000000, 0x0000000086100000|  0%| F|  |TAMS 0x0000000086000000| PB 0x0000000086000000| Untracked 
|  57|0x0000000086100000, 0x0000000086100000, 0x0000000086200000|  0%| F|  |TAMS 0x0000000086100000| PB 0x0000000086100000| Untracked 
|  58|0x0000000086200000, 0x0000000086200000, 0x0000000086300000|  0%| F|  |TAMS 0x0000000086200000| PB 0x0000000086200000| Untracked 
|  59|0x0000000086300000, 0x0000000086300000, 0x0000000086400000|  0%| F|  |TAMS 0x0000000086300000| PB 0x0000000086300000| Untracked 
|  60|0x0000000086400000, 0x0000000086400000, 0x0000000086500000|  0%| F|  |TAMS 0x0000000086400000| PB 0x0000000086400000| Untracked 
|  61|0x0000000086500000, 0x0000000086500000, 0x0000000086600000|  0%| F|  |TAMS 0x0000000086500000| PB 0x0000000086500000| Untracked 
|  62|0x0000000086600000, 0x0000000086600000, 0x0000000086700000|  0%| F|  |TAMS 0x0000000086600000| PB 0x0000000086600000| Untracked 
|  63|0x0000000086700000, 0x0000000086700000, 0x0000000086800000|  0%| F|  |TAMS 0x0000000086700000| PB 0x0000000086700000| Untracked 
|  64|0x0000000086800000, 0x0000000086800000, 0x0000000086900000|  0%| F|  |TAMS 0x0000000086800000| PB 0x0000000086800000| Untracked 
|  65|0x0000000086900000, 0x0000000086900000, 0x0000000086a00000|  0%| F|  |TAMS 0x0000000086900000| PB 0x0000000086900000| Untracked 
|  66|0x0000000086a00000, 0x0000000086a00000, 0x0000000086b00000|  0%| F|  |TAMS 0x0000000086a00000| PB 0x0000000086a00000| Untracked 
|  67|0x0000000086b00000, 0x0000000086b00000, 0x0000000086c00000|  0%| F|  |TAMS 0x0000000086b00000| PB 0x0000000086b00000| Untracked 
|  68|0x0000000086c00000, 0x0000000086c00000, 0x0000000086d00000|  0%| F|  |TAMS 0x0000000086c00000| PB 0x0000000086c00000| Untracked 
|  69|0x0000000086d00000, 0x0000000086d00000, 0x0000000086e00000|  0%| F|  |TAMS 0x0000000086d00000| PB 0x0000000086d00000| Untracked 
|  70|0x0000000086e00000, 0x0000000086e00000, 0x0000000086f00000|  0%| F|  |TAMS 0x0000000086e00000| PB 0x0000000086e00000| Untracked 
|  71|0x0000000086f00000, 0x0000000086f00000, 0x0000000087000000|  0%| F|  |TAMS 0x0000000086f00000| PB 0x0000000086f00000| Untracked 
|  72|0x0000000087000000, 0x0000000087000000, 0x0000000087100000|  0%| F|  |TAMS 0x0000000087000000| PB 0x0000000087000000| Untracked 
|  73|0x0000000087100000, 0x0000000087100000, 0x0000000087200000|  0%| F|  |TAMS 0x0000000087100000| PB 0x0000000087100000| Untracked 
|  74|0x0000000087200000, 0x0000000087200000, 0x0000000087300000|  0%| F|  |TAMS 0x0000000087200000| PB 0x0000000087200000| Untracked 
|  75|0x0000000087300000, 0x00000000873766d8, 0x0000000087400000| 46%| E|  |TAMS 0x0000000087300000| PB 0x0000000087300000| Complete 
|  76|0x0000000087400000, 0x0000000087500000, 0x0000000087500000|100%| E|CS|TAMS 0x0000000087400000| PB 0x0000000087400000| Complete 
|  77|0x0000000087500000, 0x0000000087600000, 0x0000000087600000|100%| E|CS|TAMS 0x0000000087500000| PB 0x0000000087500000| Complete 
|  78|0x0000000087600000, 0x0000000087700000, 0x0000000087700000|100%| E|CS|TAMS 0x0000000087600000| PB 0x0000000087600000| Complete 
|  79|0x0000000087700000, 0x0000000087800000, 0x0000000087800000|100%| E|CS|TAMS 0x0000000087700000| PB 0x0000000087700000| Complete 
|  80|0x0000000087800000, 0x0000000087900000, 0x0000000087900000|100%| E|CS|TAMS 0x0000000087800000| PB 0x0000000087800000| Complete 
|  81|0x0000000087900000, 0x0000000087a00000, 0x0000000087a00000|100%| E|CS|TAMS 0x0000000087900000| PB 0x0000000087900000| Complete 
|  82|0x0000000087a00000, 0x0000000087b00000, 0x0000000087b00000|100%| E|CS|TAMS 0x0000000087a00000| PB 0x0000000087a00000| Complete 
|  83|0x0000000087b00000, 0x0000000087c00000, 0x0000000087c00000|100%| E|CS|TAMS 0x0000000087b00000| PB 0x0000000087b00000| Complete 
|  84|0x0000000087c00000, 0x0000000087d00000, 0x0000000087d00000|100%| E|CS|TAMS 0x0000000087c00000| PB 0x0000000087c00000| Complete 
|  85|0x0000000087d00000, 0x0000000087e00000, 0x0000000087e00000|100%| E|CS|TAMS 0x0000000087d00000| PB 0x0000000087d00000| Complete 
|  86|0x0000000087e00000, 0x0000000087f00000, 0x0000000087f00000|100%| E|CS|TAMS 0x0000000087e00000| PB 0x0000000087e00000| Complete 
|  87|0x0000000087f00000, 0x0000000088000000, 0x0000000088000000|100%| E|CS|TAMS 0x0000000087f00000| PB 0x0000000087f00000| Complete 
|  88|0x0000000088000000, 0x0000000088100000, 0x0000000088100000|100%| E|CS|TAMS 0x0000000088000000| PB 0x0000000088000000| Complete 
|  89|0x0000000088100000, 0x0000000088200000, 0x0000000088200000|100%| E|CS|TAMS 0x0000000088100000| PB 0x0000000088100000| Complete 
|  90|0x0000000088200000, 0x0000000088300000, 0x0000000088300000|100%| E|CS|TAMS 0x0000000088200000| PB 0x0000000088200000| Complete 
|  91|0x0000000088300000, 0x0000000088400000, 0x0000000088400000|100%| E|CS|TAMS 0x0000000088300000| PB 0x0000000088300000| Complete 
|  92|0x0000000088400000, 0x0000000088500000, 0x0000000088500000|100%| E|CS|TAMS 0x0000000088400000| PB 0x0000000088400000| Complete 
|  93|0x0000000088500000, 0x00000000885c2010, 0x0000000088600000| 75%| S|CS|TAMS 0x0000000088500000| PB 0x0000000088500000| Complete 
|  94|0x0000000088600000, 0x0000000088700000, 0x0000000088700000|100%| S|CS|TAMS 0x0000000088600000| PB 0x0000000088600000| Complete 
|  95|0x0000000088700000, 0x0000000088800000, 0x0000000088800000|100%| S|CS|TAMS 0x0000000088700000| PB 0x0000000088700000| Complete 
|  96|0x0000000088800000, 0x0000000088900000, 0x0000000088900000|100%| E|CS|TAMS 0x0000000088800000| PB 0x0000000088800000| Complete 
|  97|0x0000000088900000, 0x0000000088a00000, 0x0000000088a00000|100%| E|CS|TAMS 0x0000000088900000| PB 0x0000000088900000| Complete 
|  98|0x0000000088a00000, 0x0000000088b00000, 0x0000000088b00000|100%| E|CS|TAMS 0x0000000088a00000| PB 0x0000000088a00000| Complete 
|  99|0x0000000088b00000, 0x0000000088c00000, 0x0000000088c00000|100%| E|CS|TAMS 0x0000000088b00000| PB 0x0000000088b00000| Complete 
| 100|0x0000000088c00000, 0x0000000088d00000, 0x0000000088d00000|100%| E|CS|TAMS 0x0000000088c00000| PB 0x0000000088c00000| Complete 
| 101|0x0000000088d00000, 0x0000000088e00000, 0x0000000088e00000|100%| E|CS|TAMS 0x0000000088d00000| PB 0x0000000088d00000| Complete 
| 102|0x0000000088e00000, 0x0000000088f00000, 0x0000000088f00000|100%| E|CS|TAMS 0x0000000088e00000| PB 0x0000000088e00000| Complete 
| 103|0x0000000088f00000, 0x0000000089000000, 0x0000000089000000|100%| E|CS|TAMS 0x0000000088f00000| PB 0x0000000088f00000| Complete 
| 104|0x0000000089000000, 0x0000000089100000, 0x0000000089100000|100%| E|CS|TAMS 0x0000000089000000| PB 0x0000000089000000| Complete 
| 105|0x0000000089100000, 0x0000000089200000, 0x0000000089200000|100%| E|CS|TAMS 0x0000000089100000| PB 0x0000000089100000| Complete 
| 106|0x0000000089200000, 0x0000000089300000, 0x0000000089300000|100%| E|CS|TAMS 0x0000000089200000| PB 0x0000000089200000| Complete 
| 107|0x0000000089300000, 0x0000000089400000, 0x0000000089400000|100%| E|  |TAMS 0x0000000089300000| PB 0x0000000089300000| Complete 
| 108|0x0000000089400000, 0x0000000089500000, 0x0000000089500000|100%| E|CS|TAMS 0x0000000089400000| PB 0x0000000089400000| Complete 
| 109|0x0000000089500000, 0x0000000089600000, 0x0000000089600000|100%| E|CS|TAMS 0x0000000089500000| PB 0x0000000089500000| Complete 
| 110|0x0000000089600000, 0x0000000089700000, 0x0000000089700000|100%| E|CS|TAMS 0x0000000089600000| PB 0x0000000089600000| Complete 
| 111|0x0000000089700000, 0x0000000089800000, 0x0000000089800000|100%| E|CS|TAMS 0x0000000089700000| PB 0x0000000089700000| Complete 
| 112|0x0000000089800000, 0x0000000089900000, 0x0000000089900000|100%| E|CS|TAMS 0x0000000089800000| PB 0x0000000089800000| Complete 
| 113|0x0000000089900000, 0x0000000089a00000, 0x0000000089a00000|100%| E|CS|TAMS 0x0000000089900000| PB 0x0000000089900000| Complete 
| 114|0x0000000089a00000, 0x0000000089b00000, 0x0000000089b00000|100%| E|CS|TAMS 0x0000000089a00000| PB 0x0000000089a00000| Complete 
| 115|0x0000000089b00000, 0x0000000089c00000, 0x0000000089c00000|100%| E|CS|TAMS 0x0000000089b00000| PB 0x0000000089b00000| Complete 
| 116|0x0000000089c00000, 0x0000000089d00000, 0x0000000089d00000|100%| E|CS|TAMS 0x0000000089c00000| PB 0x0000000089c00000| Complete 
| 117|0x0000000089d00000, 0x0000000089e00000, 0x0000000089e00000|100%| E|CS|TAMS 0x0000000089d00000| PB 0x0000000089d00000| Complete 
| 118|0x0000000089e00000, 0x0000000089f00000, 0x0000000089f00000|100%| E|CS|TAMS 0x0000000089e00000| PB 0x0000000089e00000| Complete 
| 119|0x0000000089f00000, 0x000000008a000000, 0x000000008a000000|100%| E|CS|TAMS 0x0000000089f00000| PB 0x0000000089f00000| Complete 
| 120|0x000000008a000000, 0x000000008a100000, 0x000000008a100000|100%| E|CS|TAMS 0x000000008a000000| PB 0x000000008a000000| Complete 
| 121|0x000000008a100000, 0x000000008a200000, 0x000000008a200000|100%| E|CS|TAMS 0x000000008a100000| PB 0x000000008a100000| Complete 
| 122|0x000000008a200000, 0x000000008a300000, 0x000000008a300000|100%| E|CS|TAMS 0x000000008a200000| PB 0x000000008a200000| Complete 
| 123|0x000000008a300000, 0x000000008a400000, 0x000000008a400000|100%| E|CS|TAMS 0x000000008a300000| PB 0x000000008a300000| Complete 
| 124|0x000000008a400000, 0x000000008a500000, 0x000000008a500000|100%| E|CS|TAMS 0x000000008a400000| PB 0x000000008a400000| Complete 
| 125|0x000000008a500000, 0x000000008a600000, 0x000000008a600000|100%| E|CS|TAMS 0x000000008a500000| PB 0x000000008a500000| Complete 

Card table byte_map: [0x00000256f5d80000,0x00000256f6170000] _byte_map_base: 0x00000256f596c000

Marking Bits: (CMBitMap*) 0x00000256eb2fea40
 Bits: [0x00000256f6170000, 0x00000256f80d0000)

Polling page: 0x00000256eb350000

Metaspace:

Usage:
  Non-class:     17.59 MB used.
      Class:      2.41 MB used.
       Both:     20.00 MB used.

Virtual space:
  Non-class space:       64.00 MB reserved,      17.81 MB ( 28%) committed,  1 nodes.
      Class space:        1.00 GB reserved,       2.56 MB ( <1%) committed,  1 nodes.
             Both:        1.06 GB reserved,      20.38 MB (  2%) committed. 

Chunk freelists:
   Non-Class:  14.02 MB
       Class:  13.38 MB
        Both:  27.39 MB

MaxMetaspaceSize: unlimited
CompressedClassSpaceSize: 1.00 GB
Initial GC threshold: 21.00 MB
Current GC threshold: 21.00 MB
CDS: on
 - commit_granule_bytes: 65536.
 - commit_granule_words: 8192.
 - virtual_space_node_default_size: 8388608.
 - enlarge_chunks_in_place: 1.
 - use_allocation_guard: 0.


Internal statistics:

num_allocs_failed_limit: 0.
num_arena_births: 424.
num_arena_deaths: 0.
num_vsnodes_births: 2.
num_vsnodes_deaths: 0.
num_space_committed: 326.
num_space_uncommitted: 0.
num_chunks_returned_to_freelist: 0.
num_chunks_taken_from_freelist: 1146.
num_chunk_merges: 0.
num_chunk_splits: 763.
num_chunks_enlarged: 542.
num_inconsistent_stats: 0.

CodeHeap 'non-profiled nmethods': size=120000Kb used=1391Kb max_used=1391Kb free=118608Kb
 bounds [0x0000025687ad0000, 0x0000025687d40000, 0x000002568f000000]
CodeHeap 'profiled nmethods': size=120000Kb used=6812Kb max_used=6812Kb free=113187Kb
 bounds [0x0000025680000000, 0x00000256806b0000, 0x0000025687530000]
CodeHeap 'non-nmethods': size=5760Kb used=1506Kb max_used=1594Kb free=4253Kb
 bounds [0x0000025687530000, 0x00000256877a0000, 0x0000025687ad0000]
 total_blobs=3705 nmethods=3179 adapters=430
 compilation: enabled
              stopped_count=0, restarted_count=0
 full_count=0

Compilation events (20 events):
Event: 4.358 Thread 0x00000256fabb9a00 nmethod 3141 0x000002568067c990 code [0x000002568067cb60, 0x000002568067cfd0]
Event: 4.364 Thread 0x00000256d098c500 nmethod 3129 0x0000025687c25e10 code [0x0000025687c26040, 0x0000025687c26bc8]
Event: 4.364 Thread 0x00000256fabb9a00 3143       3       java.lang.WeakPairMap$Pair$Lookup::equals (31 bytes)
Event: 4.364 Thread 0x00000256d098c500 3131   !   4       jdk.internal.loader.BuiltinClassLoader$2::run (114 bytes)
Event: 4.365 Thread 0x00000256fabb9a00 nmethod 3143 0x000002568067d190 code [0x000002568067d380, 0x000002568067da40]
Event: 4.365 Thread 0x00000256fabb9a00 3144       3       java.lang.reflect.Method::toShortSignature (78 bytes)
Event: 4.365 Thread 0x00000256fabb9a00 nmethod 3144 0x000002568067db90 code [0x000002568067de00, 0x000002568067e5a0]
Event: 4.365 Thread 0x00000256fabb9a00 3145       3       java.lang.reflect.ProxyGenerator::checkReturnTypes (288 bytes)
Event: 4.368 Thread 0x00000256fabb9a00 nmethod 3145 0x000002568067e910 code [0x000002568067ee20, 0x00000256806812c8]
Event: 4.371 Thread 0x00000256fabb9a00 3146       3       org.springframework.core.type.classreading.MergedAnnotationReadingVisitor::visit (30 bytes)
Event: 4.371 Thread 0x00000256fabb9a00 nmethod 3146 0x0000025680682010 code [0x00000256806821e0, 0x0000025680682650]
Event: 4.374 Thread 0x00000256fabb9a00 3147   !   3       org.springframework.core.type.classreading.SimpleMetadataReaderFactory::getMetadataReader (104 bytes)
Event: 4.378 Thread 0x00000256fabb9a00 nmethod 3147 0x0000025680682790 code [0x0000025680682ca0, 0x00000256806852b8]
Event: 4.381 Thread 0x00000256fabb9a00 3148       3       jdk.internal.reflect.Reflection::filter (165 bytes)
Event: 4.382 Thread 0x00000256fabb9a00 nmethod 3148 0x0000025680686410 code [0x00000256806866a0, 0x00000256806874b0]
Event: 4.383 Thread 0x00000256fabb9a00 3150       3       org.springframework.context.annotation.ConditionEvaluator::shouldSkip (157 bytes)
Event: 4.384 Thread 0x00000256fabb9a00 nmethod 3150 0x0000025680687990 code [0x0000025680687c80, 0x0000025680688da0]
Event: 4.385 Thread 0x00000256fabb9a00 3151       3       org.springframework.context.annotation.BeanMethod::getLocalMethodIdentifier (40 bytes)
Event: 4.386 Thread 0x00000256fabb9a00 nmethod 3151 0x0000025680689210 code [0x0000025680689440, 0x0000025680689a40]
Event: 4.387 Thread 0x00000256fabb9a00 3153       3       org.springframework.asm.ClassReader::readField (667 bytes)

GC Heap History (4 events):
Event: 1.881 GC heap before
{Heap before GC invocations=0 (full 0):
 garbage-first heap   total 129024K, used 25600K [0x0000000082800000, 0x0000000100000000)
  region size 1024K, 23 young (23552K), 0 survivors (0K)
 Metaspace       used 5954K, committed 6144K, reserved 1114112K
  class space    used 684K, committed 768K, reserved 1048576K
}
Event: 1.924 GC heap after
{Heap after GC invocations=1 (full 0):
 garbage-first heap   total 129024K, used 8362K [0x0000000082800000, 0x0000000100000000)
  region size 1024K, 3 young (3072K), 3 survivors (3072K)
 Metaspace       used 5954K, committed 6144K, reserved 1114112K
  class space    used 684K, committed 768K, reserved 1048576K
}
Event: 2.706 GC heap before
{Heap before GC invocations=1 (full 0):
 garbage-first heap   total 129024K, used 34986K [0x0000000082800000, 0x0000000100000000)
  region size 1024K, 30 young (30720K), 3 survivors (3072K)
 Metaspace       used 13490K, committed 13888K, reserved 1114112K
  class space    used 1632K, committed 1792K, reserved 1048576K
}
Event: 2.714 GC heap after
{Heap after GC invocations=2 (full 0):
 garbage-first heap   total 129024K, used 11199K [0x0000000082800000, 0x0000000100000000)
  region size 1024K, 3 young (3072K), 3 survivors (3072K)
 Metaspace       used 13490K, committed 13888K, reserved 1114112K
  class space    used 1632K, committed 1792K, reserved 1048576K
}

Dll operation events (7 events):
Event: 0.014 Loaded shared library C:\Program Files\Java\jdk-21\bin\java.dll
Event: 0.068 Loaded shared library C:\Program Files\Java\jdk-21\bin\jsvml.dll
Event: 0.493 Loaded shared library C:\Program Files\Java\jdk-21\bin\net.dll
Event: 0.496 Loaded shared library C:\Program Files\Java\jdk-21\bin\nio.dll
Event: 0.503 Loaded shared library C:\Program Files\Java\jdk-21\bin\zip.dll
Event: 0.757 Loaded shared library C:\Program Files\Java\jdk-21\bin\jimage.dll
Event: 3.023 Loaded shared library C:\Program Files\Java\jdk-21\bin\sunmscapi.dll

Deoptimization events (20 events):
Event: 4.336 Thread 0x00000256eaf92f30 DEOPT PACKING pc=0x0000025680109001 sp=0x00000065042fd880
Event: 4.336 Thread 0x00000256eaf92f30 DEOPT UNPACKING pc=0x0000025687584e42 sp=0x00000065042fccd8 mode 1
Event: 4.336 Thread 0x00000256eaf92f30 DEOPT PACKING pc=0x0000025680108964 sp=0x00000065042fd910
Event: 4.336 Thread 0x00000256eaf92f30 DEOPT UNPACKING pc=0x0000025687584e42 sp=0x00000065042fcdb8 mode 1
Event: 4.336 Thread 0x00000256eaf92f30 DEOPT PACKING pc=0x00000256801d33ec sp=0x00000065042fe390
Event: 4.336 Thread 0x00000256eaf92f30 DEOPT UNPACKING pc=0x0000025687584e42 sp=0x00000065042fd858 mode 1
Event: 4.336 Thread 0x00000256eaf92f30 DEOPT PACKING pc=0x00000256801d2f0c sp=0x00000065042fe420
Event: 4.336 Thread 0x00000256eaf92f30 DEOPT UNPACKING pc=0x0000025687584e42 sp=0x00000065042fd8e0 mode 1
Event: 4.336 Thread 0x00000256eaf92f30 DEOPT PACKING pc=0x00000256805102ac sp=0x00000065042fe4a0
Event: 4.336 Thread 0x00000256eaf92f30 DEOPT UNPACKING pc=0x0000025687584e42 sp=0x00000065042fda40 mode 1
Event: 4.346 Thread 0x00000256eaf92f30 DEOPT PACKING pc=0x0000025680109001 sp=0x00000065042fcdb0
Event: 4.346 Thread 0x00000256eaf92f30 DEOPT UNPACKING pc=0x0000025687584e42 sp=0x00000065042fc208 mode 1
Event: 4.346 Thread 0x00000256eaf92f30 DEOPT PACKING pc=0x0000025680108964 sp=0x00000065042fce40
Event: 4.346 Thread 0x00000256eaf92f30 DEOPT UNPACKING pc=0x0000025687584e42 sp=0x00000065042fc2e8 mode 1
Event: 4.346 Thread 0x00000256eaf92f30 DEOPT PACKING pc=0x00000256801d33ec sp=0x00000065042fd8c0
Event: 4.346 Thread 0x00000256eaf92f30 DEOPT UNPACKING pc=0x0000025687584e42 sp=0x00000065042fcd88 mode 1
Event: 4.346 Thread 0x00000256eaf92f30 DEOPT PACKING pc=0x00000256801d2f0c sp=0x00000065042fd950
Event: 4.346 Thread 0x00000256eaf92f30 DEOPT UNPACKING pc=0x0000025687584e42 sp=0x00000065042fce10 mode 1
Event: 4.346 Thread 0x00000256eaf92f30 DEOPT PACKING pc=0x00000256805102ac sp=0x00000065042fd9d0
Event: 4.346 Thread 0x00000256eaf92f30 DEOPT UNPACKING pc=0x0000025687584e42 sp=0x00000065042fcf70 mode 1

Classes loaded (20 events):
Event: 3.085 Loading class sun/security/provider/certpath/ldap/JdkLDAP$ProviderService
Event: 3.085 Loading class sun/security/provider/certpath/ldap/JdkLDAP$ProviderService done
Event: 3.247 Loading class java/lang/Thread$ThreadNumbering
Event: 3.247 Loading class java/lang/Thread$ThreadNumbering done
Event: 3.285 Loading class javax/naming/ldap/LdapContext
Event: 3.285 Loading class javax/naming/directory/DirContext
Event: 3.286 Loading class javax/naming/directory/DirContext done
Event: 3.286 Loading class javax/naming/ldap/LdapContext done
Event: 3.346 Loading class javax/naming/Referenceable
Event: 3.347 Loading class javax/naming/Referenceable done
Event: 3.662 Loading class java/util/stream/Streams$ConcatSpliterator$OfRef
Event: 3.662 Loading class java/util/stream/Streams$ConcatSpliterator
Event: 3.663 Loading class java/util/stream/Streams$ConcatSpliterator done
Event: 3.663 Loading class java/util/stream/Streams$ConcatSpliterator$OfRef done
Event: 3.663 Loading class java/util/stream/Streams$2
Event: 3.663 Loading class java/util/stream/Streams$2 done
Event: 3.881 Loading class java/security/AccessControlException
Event: 3.881 Loading class java/security/AccessControlException done
Event: 3.891 Loading class java/beans/PropertyVetoException
Event: 3.891 Loading class java/beans/PropertyVetoException done

Classes unloaded (0 events):
No events

Classes redefined (0 events):
No events

Internal exceptions (20 events):
Event: 2.163 Thread 0x00000256eaf92f30 Exception <a 'java/lang/NoSuchMethodError'{0x000000008a05adc0}: 'void java.lang.invoke.DirectMethodHandle$Holder.invokeInterface(java.lang.Object, java.lang.Object, java.lang.Object)'> (0x000000008a05adc0) 
thrown [s\open\src\hotspot\share\interpreter\linkResolver.cpp, line 773]
Event: 2.195 Thread 0x00000256eaf92f30 Exception <a 'java/lang/NoSuchMethodError'{0x000000008a0d3f90}: 'void java.lang.invoke.DirectMethodHandle$Holder.invokeStaticInit(java.lang.Object, java.lang.Object, java.lang.Object)'> (0x000000008a0d3f90) 
thrown [s\open\src\hotspot\share\interpreter\linkResolver.cpp, line 773]
Event: 2.201 Thread 0x00000256eaf92f30 Exception <a 'java/lang/NoSuchMethodError'{0x0000000089f0ad50}: 'java.lang.Object java.lang.invoke.DirectMethodHandle$Holder.invokeStaticInit(java.lang.Object, int)'> (0x0000000089f0ad50) 
thrown [s\open\src\hotspot\share\interpreter\linkResolver.cpp, line 773]
Event: 2.203 Thread 0x00000256eaf92f30 Exception <a 'java/lang/NoSuchMethodError'{0x0000000089f14e50}: 'java.lang.Object java.lang.invoke.DirectMethodHandle$Holder.invokeStatic(java.lang.Object, int, java.lang.Object)'> (0x0000000089f14e50) 
thrown [s\open\src\hotspot\share\interpreter\linkResolver.cpp, line 773]
Event: 2.203 Thread 0x00000256eaf92f30 Exception <a 'java/lang/NoSuchMethodError'{0x0000000089f184b0}: 'java.lang.Object java.lang.invoke.DirectMethodHandle$Holder.invokeStaticInit(java.lang.Object, int, java.lang.Object)'> (0x0000000089f184b0) 
thrown [s\open\src\hotspot\share\interpreter\linkResolver.cpp, line 773]
Event: 2.213 Thread 0x00000256eaf92f30 Exception <a 'java/lang/NoSuchMethodError'{0x0000000089f38fe8}: 'java.lang.Object java.lang.invoke.DirectMethodHandle$Holder.invokeVirtual(java.lang.Object, java.lang.Object, java.lang.Object)'> (0x0000000089f38fe8) 
thrown [s\open\src\hotspot\share\interpreter\linkResolver.cpp, line 773]
Event: 2.247 Thread 0x00000256eaf92f30 Exception <a 'java/lang/NoSuchMethodError'{0x0000000089ffec28}: 'void java.lang.invoke.DirectMethodHandle$Holder.invokeVirtual(java.lang.Object, java.lang.Object, java.lang.Object, java.lang.Object)'> (0x0000000089ffec28) 
thrown [s\open\src\hotspot\share\interpreter\linkResolver.cpp, line 773]
Event: 2.386 Thread 0x00000256eaf92f30 Exception <a 'java/lang/NoSuchMethodError'{0x0000000089b1b7b0}: 'java.lang.Object java.lang.invoke.Invokers$Holder.invoke_MT(java.lang.Object, java.lang.Object, java.lang.Object, java.lang.Object, java.lang.Object, java.lang.Object, java.lang.Object, java.lang.Object, java.lang.Object)'> (0x0000000089b1b7b0) 
thrown [s\open\src\hotspot\share\interpreter\linkResolver.cpp, line 773]
Event: 2.387 Thread 0x00000256d0505370 Exception <a 'java/lang/NoClassDefFoundError'{0x0000000089b7c7e8}: jakarta/validation/Validation> (0x0000000089b7c7e8) 
thrown [s\open\src\hotspot\share\classfile\systemDictionary.cpp, line 301]
Event: 2.395 Thread 0x00000256eaf92f30 Exception <a 'java/lang/NoSuchMethodError'{0x0000000089b49750}: 'java.lang.reflect.Field[] java.lang.Class.getDeclaredFields(java.lang.Class)'> (0x0000000089b49750) 
thrown [s\open\src\hotspot\share\interpreter\linkResolver.cpp, line 773]
Event: 2.415 Thread 0x00000256eaf92f30 Exception <a 'java/lang/IncompatibleClassChangeError'{0x0000000089a2ac10}: Found class java.lang.Object, but interface was expected> (0x0000000089a2ac10) 
thrown [s\open\src\hotspot\share\interpreter\linkResolver.cpp, line 840]
Event: 2.829 Thread 0x00000256eaf92f30 Exception <a 'java/lang/NoSuchMethodError'{0x0000000089ecca40}: 'int java.lang.invoke.DirectMethodHandle$Holder.invokeSpecial(java.lang.Object, java.lang.Object, java.lang.Object, java.lang.Object, java.lang.Object)'> (0x0000000089ecca40) 
thrown [s\open\src\hotspot\share\interpreter\linkResolver.cpp, line 773]
Event: 2.834 Thread 0x00000256eaf92f30 Exception <a 'java/lang/NoSuchMethodError'{0x0000000089ed4e40}: 'void java.lang.invoke.DirectMethodHandle$Holder.invokeVirtual(java.lang.Object, java.lang.Object)'> (0x0000000089ed4e40) 
thrown [s\open\src\hotspot\share\interpreter\linkResolver.cpp, line 773]
Event: 2.843 Thread 0x00000256d0505370 Exception <a 'java/lang/NoSuchMethodError'{0x0000000089d55678}: 'long java.lang.invoke.DirectMethodHandle$Holder.invokeSpecial(java.lang.Object, java.lang.Object)'> (0x0000000089d55678) 
thrown [s\open\src\hotspot\share\interpreter\linkResolver.cpp, line 773]
Event: 2.845 Thread 0x00000256d0505370 Exception <a 'java/lang/NoSuchMethodError'{0x0000000089d5ef98}: 'long java.lang.invoke.DirectMethodHandle$Holder.invokeStatic(java.lang.Object, java.lang.Object)'> (0x0000000089d5ef98) 
thrown [s\open\src\hotspot\share\interpreter\linkResolver.cpp, line 773]
Event: 2.846 Thread 0x00000256d0505370 Exception <a 'java/lang/NoSuchMethodError'{0x0000000089d62060}: 'long java.lang.invoke.DirectMethodHandle$Holder.invokeStaticInit(java.lang.Object, java.lang.Object)'> (0x0000000089d62060) 
thrown [s\open\src\hotspot\share\interpreter\linkResolver.cpp, line 773]
Event: 2.848 Thread 0x00000256d0505370 Exception <a 'java/lang/NoSuchMethodError'{0x0000000089d6df50}: 'long java.lang.invoke.DirectMethodHandle$Holder.invokeInterface(java.lang.Object, java.lang.Object)'> (0x0000000089d6df50) 
thrown [s\open\src\hotspot\share\interpreter\linkResolver.cpp, line 773]
Event: 2.848 Thread 0x00000256d0505370 Exception <a 'java/lang/IncompatibleClassChangeError'{0x0000000089d70f60}: Found class java.lang.Object, but interface was expected> (0x0000000089d70f60) 
thrown [s\open\src\hotspot\share\interpreter\linkResolver.cpp, line 840]
Event: 2.854 Thread 0x00000256d0505370 Exception <a 'java/lang/NoSuchMethodError'{0x0000000089dff190}: 'java.lang.Object java.lang.invoke.DirectMethodHandle$Holder.invokeVirtual(java.lang.Object, java.lang.Object, java.lang.Object, java.lang.Object)'> (0x0000000089dff190) 
thrown [s\open\src\hotspot\share\interpreter\linkResolver.cpp, line 773]
Event: 3.473 Thread 0x00000256eaf92f30 Exception <a 'java/lang/IncompatibleClassChangeError'{0x0000000088d3b010}: Found class java.lang.Object, but interface was expected> (0x0000000088d3b010) 
thrown [s\open\src\hotspot\share\interpreter\linkResolver.cpp, line 840]

ZGC Phase Switch (0 events):
No events

VM Operations (20 events):
Event: 2.706 Executing VM operation: G1CollectForAllocation (G1 Evacuation Pause)
Event: 2.714 Executing VM operation: G1CollectForAllocation (G1 Evacuation Pause) done
Event: 2.732 Executing VM operation: HandshakeAllThreads (Deoptimize)
Event: 2.732 Executing VM operation: HandshakeAllThreads (Deoptimize) done
Event: 2.802 Executing VM operation: HandshakeAllThreads (Deoptimize)
Event: 2.802 Executing VM operation: HandshakeAllThreads (Deoptimize) done
Event: 2.940 Executing VM operation: HandshakeAllThreads (Deoptimize)
Event: 2.940 Executing VM operation: HandshakeAllThreads (Deoptimize) done
Event: 3.044 Executing VM operation: HandshakeAllThreads (Deoptimize)
Event: 3.044 Executing VM operation: HandshakeAllThreads (Deoptimize) done
Event: 3.178 Executing VM operation: ICBufferFull
Event: 3.178 Executing VM operation: ICBufferFull done
Event: 3.499 Executing VM operation: HandshakeAllThreads (Deoptimize)
Event: 3.499 Executing VM operation: HandshakeAllThreads (Deoptimize) done
Event: 3.819 Executing VM operation: ICBufferFull
Event: 3.820 Executing VM operation: ICBufferFull done
Event: 3.882 Executing VM operation: HandshakeAllThreads (Deoptimize)
Event: 3.882 Executing VM operation: HandshakeAllThreads (Deoptimize) done
Event: 4.287 Executing VM operation: HandshakeAllThreads (Deoptimize)
Event: 4.287 Executing VM operation: HandshakeAllThreads (Deoptimize) done

Events (20 events):
Event: 0.036 Thread 0x00000256eaf92f30 Thread added: 0x00000256eaf92f30
Event: 0.064 Thread 0x00000256faba0e10 Thread added: 0x00000256faba0e10
Event: 0.064 Thread 0x00000256faba5aa0 Thread added: 0x00000256faba5aa0
Event: 0.064 Thread 0x00000256fabab5c0 Thread added: 0x00000256fabab5c0
Event: 0.065 Thread 0x00000256fabac010 Thread added: 0x00000256fabac010
Event: 0.065 Thread 0x00000256fabad780 Thread added: 0x00000256fabad780
Event: 0.065 Thread 0x00000256fabae1d0 Thread added: 0x00000256fabae1d0
Event: 0.065 Thread 0x00000256fabaef50 Thread added: 0x00000256fabaef50
Event: 0.065 Thread 0x00000256fabb9a00 Thread added: 0x00000256fabb9a00
Event: 0.212 Thread 0x00000256ff188010 Thread added: 0x00000256ff188010
Event: 0.212 Thread 0x00000256ff188cc0 Thread added: 0x00000256ff188cc0
Event: 0.212 Thread 0x00000256ff18d470 Thread added: 0x00000256ff18d470
Event: 0.459 Thread 0x00000256ff18fb00 Thread added: 0x00000256ff18fb00
Event: 0.470 Thread 0x00000256ff19b310 Thread added: 0x00000256ff19b310
Event: 2.249 Thread 0x00000256ffd01a90 Thread added: 0x00000256ffd01a90
Event: 2.380 Thread 0x00000256d0505370 Thread added: 0x00000256d0505370
Event: 2.912 Thread 0x00000256d098c500 Thread added: 0x00000256d098c500
Event: 3.089 Thread 0x00000256d0505370 Thread exited: 0x00000256d0505370
Event: 3.247 Thread 0x00000256d0687110 Thread added: 0x00000256d0687110
Event: 3.428 Thread 0x00000256d0687110 Thread exited: 0x00000256d0687110


Dynamic libraries:
0x00007ff7dd480000 - 0x00007ff7dd490000 	C:\Program Files\Java\jdk-21\bin\java.exe
0x00007ffa78500000 - 0x00007ffa78767000 	C:\WINDOWS\SYSTEM32\ntdll.dll
0x00007ffa78290000 - 0x00007ffa78359000 	C:\WINDOWS\System32\KERNEL32.DLL
0x00007ffa75700000 - 0x00007ffa75aef000 	C:\WINDOWS\System32\KERNELBASE.dll
0x00007ffa75b00000 - 0x00007ffa75c4b000 	C:\WINDOWS\System32\ucrtbase.dll
0x00007ffa3c7b0000 - 0x00007ffa3c7cb000 	C:\Program Files\Java\jdk-21\bin\VCRUNTIME140.dll
0x00007ffa43620000 - 0x00007ffa43639000 	C:\Program Files\Java\jdk-21\bin\jli.dll
0x00007ffa76430000 - 0x00007ffa764e4000 	C:\WINDOWS\System32\ADVAPI32.dll
0x00007ffa773d0000 - 0x00007ffa77479000 	C:\WINDOWS\System32\msvcrt.dll
0x00007ffa78170000 - 0x00007ffa78216000 	C:\WINDOWS\System32\sechost.dll
0x00007ffa764f0000 - 0x00007ffa76608000 	C:\WINDOWS\System32\RPCRT4.dll
0x00007ffa77480000 - 0x00007ffa77645000 	C:\WINDOWS\System32\USER32.dll
0x00007ffa76270000 - 0x00007ffa76297000 	C:\WINDOWS\System32\win32u.dll
0x00007ffa76610000 - 0x00007ffa7663b000 	C:\WINDOWS\System32\GDI32.dll
0x00007ffa74a50000 - 0x00007ffa74ce3000 	C:\WINDOWS\WinSxS\amd64_microsoft.windows.common-controls_6595b64144ccf1df_6.0.26100.7309_none_3e05feeae336a044\COMCTL32.dll
0x00007ffa75e50000 - 0x00007ffa75f7c000 	C:\WINDOWS\System32\gdi32full.dll
0x00007ffa75650000 - 0x00007ffa756f3000 	C:\WINDOWS\System32\msvcp_win.dll
0x00007ffa67180000 - 0x00007ffa6718b000 	C:\WINDOWS\SYSTEM32\VERSION.dll
0x00007ffa762a0000 - 0x00007ffa762d1000 	C:\WINDOWS\System32\IMM32.DLL
0x00007ffa4e900000 - 0x00007ffa4e90c000 	C:\Program Files\Java\jdk-21\bin\vcruntime140_1.dll
0x00007ff9e8540000 - 0x00007ff9e85ce000 	C:\Program Files\Java\jdk-21\bin\msvcp140.dll
0x00007ff9bfeb0000 - 0x00007ff9c0bcd000 	C:\Program Files\Java\jdk-21\bin\server\jvm.dll
0x00007ffa78360000 - 0x00007ffa783d4000 	C:\WINDOWS\System32\WS2_32.dll
0x00007ffa754b0000 - 0x00007ffa7550e000 	C:\WINDOWS\SYSTEM32\POWRPROF.dll
0x00007ffa5c8c0000 - 0x00007ffa5c8f5000 	C:\WINDOWS\SYSTEM32\WINMM.dll
0x00007ffa75490000 - 0x00007ffa754a4000 	C:\WINDOWS\SYSTEM32\UMPDC.dll
0x00007ffa73ad0000 - 0x00007ffa73aeb000 	C:\WINDOWS\SYSTEM32\kernel.appcore.dll
0x00007ffa4c9b0000 - 0x00007ffa4c9ba000 	C:\Program Files\Java\jdk-21\bin\jimage.dll
0x00007ffa74e00000 - 0x00007ffa75042000 	C:\WINDOWS\SYSTEM32\DBGHELP.DLL
0x00007ffa76930000 - 0x00007ffa76cb5000 	C:\WINDOWS\System32\combase.dll
0x00007ffa76cc0000 - 0x00007ffa76d96000 	C:\WINDOWS\System32\OLEAUT32.dll
0x00007ffa74cf0000 - 0x00007ffa74d2c000 	C:\WINDOWS\SYSTEM32\dbgcore.DLL
0x00007ffa75f80000 - 0x00007ffa76025000 	C:\WINDOWS\System32\bcryptPrimitives.dll
0x00007ffa43420000 - 0x00007ffa4345c000 	C:\Program Files\Java\jdk-21\bin\jdwp.dll
0x00007ffa3c0d0000 - 0x00007ffa3c0ef000 	C:\Program Files\Java\jdk-21\bin\java.dll
0x00007ffa77650000 - 0x00007ffa77da3000 	C:\WINDOWS\System32\SHELL32.dll
0x00007ffa75ce0000 - 0x00007ffa75e4a000 	C:\WINDOWS\System32\wintypes.dll
0x00007ffa72950000 - 0x00007ffa731ae000 	C:\WINDOWS\SYSTEM32\windows.storage.dll
0x00007ffa772d0000 - 0x00007ffa773c5000 	C:\WINDOWS\System32\SHCORE.dll
0x00007ffa78220000 - 0x00007ffa78286000 	C:\WINDOWS\System32\shlwapi.dll
0x00007ffa75570000 - 0x00007ffa75599000 	C:\WINDOWS\SYSTEM32\profapi.dll
0x00007ff9ea670000 - 0x00007ff9ea747000 	C:\Program Files\Java\jdk-21\bin\jsvml.dll
0x00007ffa43610000 - 0x00007ffa4361c000 	C:\Program Files\Java\jdk-21\bin\dt_socket.dll
0x00007ffa73520000 - 0x00007ffa73554000 	C:\WINDOWS\SYSTEM32\IPHLPAPI.DLL
0x00007ffa74000000 - 0x00007ffa7406b000 	C:\WINDOWS\system32\mswsock.dll
0x00007ffa735c0000 - 0x00007ffa736ec000 	C:\WINDOWS\SYSTEM32\DNSAPI.dll
0x00007ffa772c0000 - 0x00007ffa772ca000 	C:\WINDOWS\System32\NSI.dll
0x00007ffa67a30000 - 0x00007ffa67a3b000 	C:\Windows\System32\rasadhlp.dll
0x00007ffa66ad0000 - 0x00007ffa66b56000 	C:\WINDOWS\System32\fwpuclnt.dll
0x00007ffa48d40000 - 0x00007ffa48d50000 	C:\Program Files\Java\jdk-21\bin\net.dll
0x00007ffa676c0000 - 0x00007ffa677e8000 	C:\WINDOWS\SYSTEM32\WINHTTP.dll
0x00007ffa32800000 - 0x00007ffa32816000 	C:\Program Files\Java\jdk-21\bin\nio.dll
0x00007ffa31c90000 - 0x00007ffa31ca8000 	C:\Program Files\Java\jdk-21\bin\zip.dll
0x00007ffa6f590000 - 0x00007ffa6f59e000 	C:\Program Files\Java\jdk-21\bin\sunmscapi.dll
0x00007ffa76030000 - 0x00007ffa761a7000 	C:\WINDOWS\System32\CRYPT32.dll
0x00007ffa746d0000 - 0x00007ffa74700000 	C:\WINDOWS\SYSTEM32\ncrypt.dll
0x00007ffa74680000 - 0x00007ffa746bf000 	C:\WINDOWS\SYSTEM32\NTASN1.dll

dbghelp: loaded successfully - version: 4.0.5 - missing functions: none
symbol engine: initialized successfully - sym options: 0x614 - pdb path: .;C:\Program Files\Java\jdk-21\bin;C:\WINDOWS\SYSTEM32;C:\WINDOWS\WinSxS\amd64_microsoft.windows.common-controls_6595b64144ccf1df_6.0.26100.7309_none_3e05feeae336a044;C:\Program Files\Java\jdk-21\bin\server

VM Arguments:
jvm_args: -agentlib:jdwp=transport=dt_socket,server=n,suspend=y,address=localhost:50752 -XX:+ShowCodeDetailsInExceptionMessages 
java_command: com.hisami.hisami.HisamiApplication
java_class_path (initial): C:\Users\hugo_\Documents\HisamiDoceria\backend\hisami\target\classes;C:\Users\hugo_\.m2\repository\org\springframework\boot\spring-boot-starter-web\3.5.5\spring-boot-starter-web-3.5.5.jar;C:\Users\hugo_\.m2\repository\org\springframework\boot\spring-boot-starter-json\3.5.5\spring-boot-starter-json-3.5.5.jar;C:\Users\hugo_\.m2\repository\com\fasterxml\jackson\core\jackson-databind\2.19.2\jackson-databind-2.19.2.jar;C:\Users\hugo_\.m2\repository\com\fasterxml\jackson\core\jackson-annotations\2.19.2\jackson-annotations-2.19.2.jar;C:\Users\hugo_\.m2\repository\com\fasterxml\jackson\core\jackson-core\2.19.2\jackson-core-2.19.2.jar;C:\Users\hugo_\.m2\repository\com\fasterxml\jackson\datatype\jackson-datatype-jdk8\2.19.2\jackson-datatype-jdk8-2.19.2.jar;C:\Users\hugo_\.m2\repository\com\fasterxml\jackson\datatype\jackson-datatype-jsr310\2.19.2\jackson-datatype-jsr310-2.19.2.jar;C:\Users\hugo_\.m2\repository\com\fasterxml\jackson\module\jackson-module-parameter-names\2.19.2\jackson-module-parameter-names-2.19.2.jar;C:\Users\hugo_\.m2\repository\org\springframework\boot\spring-boot-starter-tomcat\3.5.5\spring-boot-starter-tomcat-3.5.5.jar;C:\Users\hugo_\.m2\repository\org\apache\tomcat\embed\tomcat-embed-core\10.1.44\tomcat-embed-core-10.1.44.jar;C:\Users\hugo_\.m2\repository\org\apache\tomcat\embed\tomcat-embed-el\10.1.44\tomcat-embed-el-10.1.44.jar;C:\Users\hugo_\.m2\repository\org\apache\tomcat\embed\tomcat-embed-websocket\10.1.44\tomcat-embed-websocket-10.1.44.jar;C:\Users\hugo_\.m2\repository\org\springframework\spring-web\6.2.10\spring-web-6.2.10.jar;C:\Users\hugo_\.m2\repository\org\springframework\spring-beans\6.2.10\spring-beans-6.2.10.jar;C:\Users\hugo_\.m2\repository\org\springframework\spring-webmvc\6.2.10\spring-webmvc-6.2.10.jar;C:\Users\hugo_\.m2\repository\org\springframework\spring-context\6.2.10\spring-context-6.2.10.jar;C:\Users\hugo_\.m2\repository\org\springframework\spring-expression\6.2.10\spring-expression-6.2.10.jar;C:\Users\hugo_\.m2\repository\org\springframework\boot\spring-boot-starter-data-jpa\3.5.5\spring-boot-starter-data-jpa-3.5.5.jar;C:\Users\hugo_\.m2\repository\org\springframework\boot\spring-boot-starter-jdbc\3.5.5\spring-boot-starter-jdbc-3.5.5.jar;C:\Users\hugo_\.m2\repository\com\zaxxer\HikariCP\6.3.2\HikariCP-6.3.2.jar;C:\Users\hugo_\.m2\repository\org\springframework\spring-jdbc\6.2.10\spring-jdbc-6.2.10.jar;C:\Users\hugo_\.m2\repository\org\hibernate\orm\hibernate-core\6.6.26.Final\hibernate-core-6.6.26.Final.jar;C:\Users\hugo_\.m2\repository\jakarta\persistence\jakarta.persistence-api\3.1.0\jakarta.persistence-api-3.1.0.jar;C:\Users\hugo_\.m2\repository\jakarta\transaction\jakarta.transaction-api\2.0.1\jakarta.transaction-api-2.0.1.jar;C:\Users\hugo_\.m2\repository\org\jboss\logging\jboss-logging\3.6.1.Final\jboss-logging-3.6.1.Final.jar;C:\Users\hugo_\.m2\repository\org\hibernate\common\hibernate-commons-annotations\7.0.3.Final\hibernate-commons-annotations-7.0.3.Final.jar;C:\Users\hugo_\.m2\repository\io\smallrye\jandex\3.2.0\jandex-3.2.0.jar;C:\Users\hugo_\.m2\repository\com\fasterxml\classmate\1.7.0\classmate-1.7.0.jar;C:\Users\hugo_\.m2\repository\net\bytebuddy\byte-buddy\1.17.7\byte-buddy-1.17.7.jar;C:\Users\hugo_\.m2\repository\org\glassfish\jaxb\jaxb-runtime\4.0.5\jaxb-runtime-4.0.5.jar;C:\Users\hugo_\.m2\repository\org\glassfish\jaxb\jaxb-core\4.0.5\jaxb-core-4.0.5.jar;C:\Users\hugo_\.m2\repository\org\eclipse\angus\angus-activation\2.0.2\angus-activation-2.0.2.jar;C:\Users\hugo_\.m2\repository\org\glassfish\jaxb\txw2\4.0.5\txw2-4.0.5.jar;C:\Users\hugo_\.m2\repository\com\sun\istack\istack-commons-runtime\4.1.2\istack-commons-runtime-4.1.2.jar;C:\Users\hugo_\.m2\repository\jakarta\inject\jakarta.inject-api\2.0.1\jakarta.inject-api-2.0.1.jar;C:\Users\hugo_\.m2\repository\org\antlr\antlr4-runtime\4.13.0\antlr4-runtime-4.13.0.jar;C:\Users\hugo_\.m2\repository\org\springframework\data\spring-data-jpa\3.5.3\spring-data-jpa-3.5.3.jar;C:\Users\hugo_\.m2\repository\org\springframework\data\spring-data-commons\3.5.3\spring-data-commons-3.5.3.jar;C:\Users\hugo_\.m2\repository\org\springframework\spring-orm\6.2.10\spring-orm-6.2.10.jar;C:\Users\hugo_\.m2\repository\org\springframework\spring-tx\6.2.10\spring-tx-6.2.10.jar;C:\Users\hugo_\.m2\repository\org\slf4j\slf4j-api\2.0.17\slf4j-api-2.0.17.jar;C:\Users\hugo_\.m2\repository\org\springframework\spring-aspects\6.2.10\spring-aspects-6.2.10.jar;C:\Users\hugo_\.m2\repository\org\aspectj\aspectjweaver\1.9.24\aspectjweaver-1.9.24.jar;C:\Users\hugo_\.m2\repository\org\postgresql\postgresql\42.7.7\postgresql-42.7.7.jar;C:\Users\hugo_\.m2\repository\org\checkerframework\checker-qual\3.49.3\checker-qual-3.49.3.jar;C:\Users\hugo_\.m2\repository\org\springframework\boot\spring-boot-starter\3.5.5\spring-boot-starter-3.5.5.jar;C:\Users\hugo_\.m2\repository\org\springframework\boot\spring-boot\3.5.5\spring-boot-3.5.5.jar;C:\Users\hugo_\.m2\repository\org\springframework\boot\spring-boot-autoconfigure\3.5.5\spring-boot-autoconfigure-3.5.5.jar;C:\Users\hugo_\.m2\repository\org\springframework\boot\spring-boot-starter-logging\3.5.5\spring-boot-starter-logging-3.5.5.jar;C:\Users\hugo_\.m2\repository\ch\qos\logback\logback-classic\1.5.18\logback-classic-1.5.18.jar;C:\Users\hugo_\.m2\repository\ch\qos\logback\logback-core\1.5.18\logback-core-1.5.18.jar;C:\Users\hugo_\.m2\repository\org\apache\logging\log4j\log4j-to-slf4j\2.24.3\log4j-to-slf4j-2.24.3.jar;C:\Users\hugo_\.m2\repository\org\apache\logging\log4j\log4j-api\2.24.3\log4j-api-2.24.3.jar;C:\Users\hugo_\.m2\repository\org\slf4j\jul-to-slf4j\2.0.17\jul-to-slf4j-2.0.17.jar;C:\Users\hugo_\.m2\repository\jakarta\annotation\jakarta.annotation-api\2.1.1\jakarta.annotation-api-2.1.1.jar;C:\Users\hugo_\.m2\repository\org\springframework\spring-core\6.2.10\spring-core-6.2.10.jar;C:\Users\hugo_\.m2\repository\org\springframework\spring-jcl\6.2.10\spring-jcl-6.2.10.jar;C:\Users\hugo_\.m2\repository\org\yaml\snakeyaml\2.4\snakeyaml-2.4.jar;C:\Users\hugo_\.m2\repository\jakarta\xml\bind\jakarta.xml.bind-api\4.0.2\jakarta.xml.bind-api-4.0.2.jar;C:\Users\hugo_\.m2\repository\jakarta\activation\jakarta.activation-api\2.1.3\jakarta.activation-api-2.1.3.jar;C:\Users\hugo_\.m2\repository\org\springframework\boot\spring-boot-starter-actuator\3.5.5\spring-boot-starter-actuator-3.5.5.jar;C:\Users\hugo_\.m2\repository\org\springframework\boot\spring-boot-actuator-autoconfigure\3.5.5\spring-boot-actuator-autoconfigure-3.5.5.jar;C:\Users\hugo_\.m2\repository\org\springframework\boot\spring-boot-actuator\3.5.5\spring-boot-actuator-3.5.5.jar;C:\Users\hugo_\.m2\repository\io\micrometer\micrometer-observation\1.15.3\micrometer-observation-1.15.3.jar;C:\Users\hugo_\.m2\repository\io\micrometer\micrometer-commons\1.15.3\micrometer-commons-1.15.3.jar;C:\Users\hugo_\.m2\repository\io\micrometer\micrometer-jakarta9\1.15.3\micrometer-jakarta9-1.15.3.jar;C:\Users\hugo_\.m2\repository\io\micrometer\micrometer-core\1.15.3\micrometer-core-1.15.3.jar;C:\Users\hugo_\.m2\repository\org\hdrhistogram\HdrHistogram\2.2.2\HdrHistogram-2.2.2.jar;C:\Users\hugo_\.m2\repository\org\latencyutils\LatencyUtils\2.0.3\LatencyUtils-2.0.3.jar;C:\Users\hugo_\.m2\repository\org\springframework\boot\spring-boot-starter-security\3.5.5\spring-boot-starter-security-3.5.5.jar;C:\Users\hugo_\.m2\repository\org\springframework\spring-aop\6.2.10\spring-aop-6.2.10.jar;C:\Users\hugo_\.m2\repository\org\springframework\security\spring-security-config\6.5.3\spring-security-config-6.5.3.jar;C:\Users\hugo_\.m2\repository\org\springframework\security\spring-security-web\6.5.3\spring-security-web-6.5.3.jar;C:\Users\hugo_\.m2\repository\org\springframework\security\spring-security-core\6.5.3\spring-security-core-6.5.3.jar;C:\Users\hugo_\.m2\repository\org\springframework\security\spring-security-crypto\6.5.3\spring-security-crypto-6.5.3.jar;C:\Users\hugo_\.m2\repository\org\springframework\boot\spring-boot-starter-oauth2-resource-server\3.5.5\spring-boot-starter-oauth2-resource-server-3.5.5.jar;C:\Users\hugo_\.m2\repository\org\springframework\security\spring-security-oauth2-resource-server\6.5.3\spring-security-oauth2-resource-server-6.5.3.jar;C:\Users\hugo_\.m2\repository\org\springframework\security\spring-security-oauth2-core\6.5.3\spring-security-oauth2-core-6.5.3.jar;C:\Users\hugo_\.m2\repository\org\springframework\security\spring-security-oauth2-jose\6.5.3\spring-security-oauth2-jose-6.5.3.jar;C:\Users\hugo_\.m2\repository\org\springframework\boot\spring-boot-starter-oauth2-authorization-server\3.5.5\spring-boot-starter-oauth2-authorization-server-3.5.5.jar;C:\Users\hugo_\.m2\repository\org\springframework\security\spring-security-oauth2-authorization-server\1.5.2\spring-security-oauth2-authorization-server-1.5.2.jar;C:\Users\hugo_\.m2\repository\com\nimbusds\nimbus-jose-jwt\9.37\nimbus-jose-jwt-9.37.jar;C:\Users\hugo_\.m2\repository\com\github\stephenc\jcip\jcip-annotations\1.0-1\jcip-annotations-1.0-1.jar;C:\Users\hugo_\.m2\repository\org\springframework\boot\spring-boot-starter-thymeleaf\3.5.5\spring-boot-starter-thymeleaf-3.5.5.jar;C:\Users\hugo_\.m2\repository\org\thymeleaf\thymeleaf-spring6\3.1.3.RELEASE\thymeleaf-spring6-3.1.3.RELEASE.jar;C:\Users\hugo_\.m2\repository\org\thymeleaf\thymeleaf\3.1.3.RELEASE\thymeleaf-3.1.3.RELEASE.jar;C:\Users\hugo_\.m2\repository\org\attoparser\attoparser\2.0.7.RELEASE\attoparser-2.0.7.RELEASE.jar;C:\Users\hugo_\.m2\repository\org\unbescape\unbescape\1.1.6.RELEASE\unbescape-1.1.6.RELEASE.jar
Launcher Type: SUN_STANDARD

[Global flags]
     intx CICompilerCount                          = 4                                         {product} {ergonomic}
     uint ConcGCThreads                            = 2                                         {product} {ergonomic}
     uint G1ConcRefinementThreads                  = 8                                         {product} {ergonomic}
   size_t G1HeapRegionSize                         = 1048576                                   {product} {ergonomic}
    uintx GCDrainStackTargetSize                   = 64                                        {product} {ergonomic}
   size_t InitialHeapSize                          = 132120576                                 {product} {ergonomic}
   size_t MarkStackSize                            = 4194304                                   {product} {ergonomic}
   size_t MaxHeapSize                              = 2105540608                                {product} {ergonomic}
   size_t MaxNewSize                               = 1262485504                                {product} {ergonomic}
   size_t MinHeapDeltaBytes                        = 1048576                                   {product} {ergonomic}
   size_t MinHeapSize                              = 8388608                                   {product} {ergonomic}
    uintx NonNMethodCodeHeapSize                   = 5839372                                {pd product} {ergonomic}
    uintx NonProfiledCodeHeapSize                  = 122909434                              {pd product} {ergonomic}
    uintx ProfiledCodeHeapSize                     = 122909434                              {pd product} {ergonomic}
    uintx ReservedCodeCacheSize                    = 251658240                              {pd product} {ergonomic}
     bool SegmentedCodeCache                       = true                                      {product} {ergonomic}
     bool ShowCodeDetailsInExceptionMessages       = true                                   {manageable} {command line}
   size_t SoftMaxHeapSize                          = 2105540608                             {manageable} {ergonomic}
     bool UseCompressedOops                        = true                           {product lp64_product} {ergonomic}
     bool UseG1GC                                  = true                                      {product} {ergonomic}
     bool UseLargePagesIndividualAllocation        = false                                  {pd product} {ergonomic}

Logging:
Log output configuration:
 #0: stdout all=warning uptime,level,tags foldmultilines=false
 #1: stderr all=off uptime,level,tags foldmultilines=false

Environment Variables:
JAVA_HOME=C:\Program Files\Java\jdk-21
PATH=C:\Program Files\Common Files\Oracle\Java\javapath;C:\Program Files\Microsoft MPI\Bin\;C:\Program Files (x86)\NVIDIA Corporation\PhysX\Common;C:\WINDOWS\system32;C:\WINDOWS;C:\WINDOWS\System32\Wbem;C:\WINDOWS\System32\WindowsPowerShell\v1.0\;C:\WINDOWS\System32\OpenSSH\;C:\MinGW\bin;C:\Program Files\Git\cmd;C:\Program Files\GitHub CLI\;C:\Program Files\Microsoft VS Code\bin;C:\Program Files\MATLAB\R2022b\bin;C:\Maven\apache-maven-3.9.11\bin;C:\Program Files\Java\jdk-21\bin;C:\nodejs\;C:\Program Files\Docker\Docker\resources\bin;C:\Program Files\Amazon\AWSCLIV2\;C:\Users\hugo_\AppData\Local\Microsoft\WindowsApps;D:\Users\hugo_\AppData\Local\Programs\Microsoft VS Code\bin;C:\MinGW\bin;C:\texlive\2023\bin\windows;\\wsl.localhost\Ubuntu-22.04\usr\lib\x86_64-linux-gnu\openmpi\include\openmpi;C:\Users\hugo_\AppData\Local\Microsoft\WinGet\Packages\Schniz.fnm_Microsoft.Winget.Source_8wekyb3d8bbwe;C:\Users\hugo_\AppData\Local\Yarn\bin;C:\Maven\maven-mvnd-1.0.2-windows-amd64\bin;C:\Users\hugo_\AppData\Roaming\npm;C:\Program Files\Java\jdk-21\bin;c:\Users\hugo_\.vscode\extensions\vscjava.vscode-java-debug-0.58.4\bundled\scripts\noConfigScriptsc:\Users\hugo_\.vscode\extensions\ms-python.debugpy-2025.18.0-win32-x64\bundled\scripts\noConfigScripts
USERNAME=hugo_
LANG=en_US.UTF-8
OS=Windows_NT
PROCESSOR_IDENTIFIER=Intel64 Family 6 Model 142 Stepping 12, GenuineIntel
TMP=C:\Users\hugo_\AppData\Local\Temp
TEMP=C:\Users\hugo_\AppData\Local\Temp




Periodic native trim disabled

---------------  S Y S T E M  ---------------

OS:
 Windows 11 , 64 bit Build 26100 (10.0.26100.7309)
OS uptime: 1 days 3:48 hours
Hyper-V role detected

CPU: total 8 (initial active 8) (4 cores per cpu, 2 threads per core) family 6 model 142 stepping 12 microcode 0xea, cx8, cmov, fxsr, ht, mmx, 3dnowpref, sse, sse2, sse3, ssse3, sse4.1, sse4.2, popcnt, lzcnt, tsc, tscinvbit, avx, avx2, aes, erms, clmul, bmi1, bmi2, adx, fma, vzeroupper, clflush, clflushopt, hv, rdtscp, f16c
Processor Information for all 8 processors :
  Max Mhz: 2304, Current Mhz: 1803, Mhz Limit: 1797

Memory: 4k page, system-wide physical 8025M (523M free)
TotalPageFile size 21275M (AvailPageFile size 0M)
current process WorkingSet (physical memory assigned to process): 189M, peak: 189M
current process commit charge ("private bytes"): 295M, peak: 295M

vm_info: Java HotSpot(TM) 64-Bit Server VM (21.0.8+12-LTS-250) for windows-amd64 JRE (21.0.8+12-LTS-250), built on 2025-06-27T08:11:22Z by "mach5one" with MS VC++ 17.6 (VS2022)

END.
